
**** Build of configuration Debug for project FinalAssignment ****

"C:\\ti\\ccsv8\\utils\\bin\\gmake" -k -j 12 all -O 
 
Building file: "../adc.c"
Invoking: GNU Compiler
"C:/ti/ccsv8/tools/compiler/gcc-arm-none-eabi-7-2017-q4-major-win32/bin/arm-none-eabi-gcc.exe" -c -mcpu=cortex-m4 -march=armv7e-m -mthumb -mfloat-abi=hard -mfpu=fpv4-sp-d16 -DPART_TM4C123GH6PM -I"C:/Users/jinsk/OneDrive/문서/GitHub/Embedded-Programming/FinalAssignment" -I"C:/ti/ccsv8/tools/compiler/gcc-arm-none-eabi-7-2017-q4-major-win32/arm-none-eabi/include" -I"C:/Libraries/tm4c" -I"C:/Libraries/frt10/inc" -I"C:/Libraries/frt10/port/TivaM4" -Og -ffunction-sections -fdata-sections -g -gdwarf-3 -gstrict-dwarf -Wall -specs="nosys.specs" -MMD -MP -MF"adc.d" -MT"adc.o"   -o"adc.o" "../adc.c"
subdir_rules.mk:9: recipe for target 'adc.o' failed
../adc.c:23:10: fatal error: emp_type.h: No such file or directory
 #include "emp_type.h"
          ^~~~~~~~~~~~
compilation terminated.
gmake: *** [adc.o] Error 1
Building file: "../file.c"
Invoking: GNU Compiler
"C:/ti/ccsv8/tools/compiler/gcc-arm-none-eabi-7-2017-q4-major-win32/bin/arm-none-eabi-gcc.exe" -c -mcpu=cortex-m4 -march=armv7e-m -mthumb -mfloat-abi=hard -mfpu=fpv4-sp-d16 -DPART_TM4C123GH6PM -I"C:/Users/jinsk/OneDrive/문서/GitHub/Embedded-Programming/FinalAssignment" -I"C:/ti/ccsv8/tools/compiler/gcc-arm-none-eabi-7-2017-q4-major-win32/arm-none-eabi/include" -I"C:/Libraries/tm4c" -I"C:/Libraries/frt10/inc" -I"C:/Libraries/frt10/port/TivaM4" -Og -ffunction-sections -fdata-sections -g -gdwarf-3 -gstrict-dwarf -Wall -specs="nosys.specs" -MMD -MP -MF"file.d" -MT"file.o"   -o"file.o" "../file.c"
subdir_rules.mk:9: recipe for target 'file.o' failed
../file.c:23:10: fatal error: emp_type.h: No such file or directory
 #include "emp_type.h"
          ^~~~~~~~~~~~
compilation terminated.
gmake: *** [file.o] Error 1
Building file: "../gpio.c"
Invoking: GNU Compiler
"C:/ti/ccsv8/tools/compiler/gcc-arm-none-eabi-7-2017-q4-major-win32/bin/arm-none-eabi-gcc.exe" -c -mcpu=cortex-m4 -march=armv7e-m -mthumb -mfloat-abi=hard -mfpu=fpv4-sp-d16 -DPART_TM4C123GH6PM -I"C:/Users/jinsk/OneDrive/문서/GitHub/Embedded-Programming/FinalAssignment" -I"C:/ti/ccsv8/tools/compiler/gcc-arm-none-eabi-7-2017-q4-major-win32/arm-none-eabi/include" -I"C:/Libraries/tm4c" -I"C:/Libraries/frt10/inc" -I"C:/Libraries/frt10/port/TivaM4" -Og -ffunction-sections -fdata-sections -g -gdwarf-3 -gstrict-dwarf -Wall -specs="nosys.specs" -MMD -MP -MF"gpio.d" -MT"gpio.o"   -o"gpio.o" "../gpio.c"
subdir_rules.mk:9: recipe for target 'gpio.o' failed
../gpio.c:23:10: fatal error: emp_type.h: No such file or directory
 #include "emp_type.h"
          ^~~~~~~~~~~~
compilation terminated.
gmake: *** [gpio.o] Error 1
Building file: "../key.c"
Invoking: GNU Compiler
"C:/ti/ccsv8/tools/compiler/gcc-arm-none-eabi-7-2017-q4-major-win32/bin/arm-none-eabi-gcc.exe" -c -mcpu=cortex-m4 -march=armv7e-m -mthumb -mfloat-abi=hard -mfpu=fpv4-sp-d16 -DPART_TM4C123GH6PM -I"C:/Users/jinsk/OneDrive/문서/GitHub/Embedded-Programming/FinalAssignment" -I"C:/ti/ccsv8/tools/compiler/gcc-arm-none-eabi-7-2017-q4-major-win32/arm-none-eabi/include" -I"C:/Libraries/tm4c" -I"C:/Libraries/frt10/inc" -I"C:/Libraries/frt10/port/TivaM4" -Og -ffunction-sections -fdata-sections -g -gdwarf-3 -gstrict-dwarf -Wall -specs="nosys.specs" -MMD -MP -MF"key.d" -MT"key.o"   -o"key.o" "../key.c"
subdir_rules.mk:9: recipe for target 'key.o' failed
../key.c:23:10: fatal error: emp_type.h: No such file or directory
 #include "emp_type.h"
          ^~~~~~~~~~~~
compilation terminated.
gmake: *** [key.o] Error 1
Building file: "../lcd.c"
Invoking: GNU Compiler
"C:/ti/ccsv8/tools/compiler/gcc-arm-none-eabi-7-2017-q4-major-win32/bin/arm-none-eabi-gcc.exe" -c -mcpu=cortex-m4 -march=armv7e-m -mthumb -mfloat-abi=hard -mfpu=fpv4-sp-d16 -DPART_TM4C123GH6PM -I"C:/Users/jinsk/OneDrive/문서/GitHub/Embedded-Programming/FinalAssignment" -I"C:/ti/ccsv8/tools/compiler/gcc-arm-none-eabi-7-2017-q4-major-win32/arm-none-eabi/include" -I"C:/Libraries/tm4c" -I"C:/Libraries/frt10/inc" -I"C:/Libraries/frt10/port/TivaM4" -Og -ffunction-sections -fdata-sections -g -gdwarf-3 -gstrict-dwarf -Wall -specs="nosys.specs" -MMD -MP -MF"lcd.d" -MT"lcd.o"   -o"lcd.o" "../lcd.c"
subdir_rules.mk:9: recipe for target 'lcd.o' failed
../lcd.c:23:10: fatal error: emp_type.h: No such file or directory
 #include "emp_type.h"
          ^~~~~~~~~~~~
compilation terminated.
gmake: *** [lcd.o] Error 1
Building file: "../main.c"
Invoking: GNU Compiler
"C:/ti/ccsv8/tools/compiler/gcc-arm-none-eabi-7-2017-q4-major-win32/bin/arm-none-eabi-gcc.exe" -c -mcpu=cortex-m4 -march=armv7e-m -mthumb -mfloat-abi=hard -mfpu=fpv4-sp-d16 -DPART_TM4C123GH6PM -I"C:/Users/jinsk/OneDrive/문서/GitHub/Embedded-Programming/FinalAssignment" -I"C:/ti/ccsv8/tools/compiler/gcc-arm-none-eabi-7-2017-q4-major-win32/arm-none-eabi/include" -I"C:/Libraries/tm4c" -I"C:/Libraries/frt10/inc" -I"C:/Libraries/frt10/port/TivaM4" -Og -ffunction-sections -fdata-sections -g -gdwarf-3 -gstrict-dwarf -Wall -specs="nosys.specs" -MMD -MP -MF"main.d" -MT"main.o"   -o"main.o" "../main.c"
subdir_rules.mk:9: recipe for target 'main.o' failed
../main.c:23:10: fatal error: emp_type.h: No such file or directory
 #include "emp_type.h"
          ^~~~~~~~~~~~
compilation terminated.
gmake: *** [main.o] Error 1
Building file: "../status_led.c"
Invoking: GNU Compiler
"C:/ti/ccsv8/tools/compiler/gcc-arm-none-eabi-7-2017-q4-major-win32/bin/arm-none-eabi-gcc.exe" -c -mcpu=cortex-m4 -march=armv7e-m -mthumb -mfloat-abi=hard -mfpu=fpv4-sp-d16 -DPART_TM4C123GH6PM -I"C:/Users/jinsk/OneDrive/문서/GitHub/Embedded-Programming/FinalAssignment" -I"C:/ti/ccsv8/tools/compiler/gcc-arm-none-eabi-7-2017-q4-major-win32/arm-none-eabi/include" -I"C:/Libraries/tm4c" -I"C:/Libraries/frt10/inc" -I"C:/Libraries/frt10/port/TivaM4" -Og -ffunction-sections -fdata-sections -g -gdwarf-3 -gstrict-dwarf -Wall -specs="nosys.specs" -MMD -MP -MF"status_led.d" -MT"status_led.o"   -o"status_led.o" "../status_led.c"
subdir_rules.mk:9: recipe for target 'status_led.o' failed
../status_led.c:27:10: fatal error: emp_type.h: No such file or directory
 #include "emp_type.h"
          ^~~~~~~~~~~~
compilation terminated.
gmake: *** [status_led.o] Error 1
Building file: "../string.c"
Invoking: GNU Compiler
"C:/ti/ccsv8/tools/compiler/gcc-arm-none-eabi-7-2017-q4-major-win32/bin/arm-none-eabi-gcc.exe" -c -mcpu=cortex-m4 -march=armv7e-m -mthumb -mfloat-abi=hard -mfpu=fpv4-sp-d16 -DPART_TM4C123GH6PM -I"C:/Users/jinsk/OneDrive/문서/GitHub/Embedded-Programming/FinalAssignment" -I"C:/ti/ccsv8/tools/compiler/gcc-arm-none-eabi-7-2017-q4-major-win32/arm-none-eabi/include" -I"C:/Libraries/tm4c" -I"C:/Libraries/frt10/inc" -I"C:/Libraries/frt10/port/TivaM4" -Og -ffunction-sections -fdata-sections -g -gdwarf-3 -gstrict-dwarf -Wall -specs="nosys.specs" -MMD -MP -MF"string.d" -MT"string.o"   -o"string.o" "../string.c"
subdir_rules.mk:9: recipe for target 'string.o' failed
../string.c:9:10: fatal error: emp_type.h: No such file or directory
 #include "emp_type.h"
          ^~~~~~~~~~~~
compilation terminated.
gmake: *** [string.o] Error 1
Building file: "C:/Libraries/frt10/port/TivaM4/systick_frt.c"
Invoking: GNU Compiler
"C:/ti/ccsv8/tools/compiler/gcc-arm-none-eabi-7-2017-q4-major-win32/bin/arm-none-eabi-gcc.exe" -c -mcpu=cortex-m4 -march=armv7e-m -mthumb -mfloat-abi=hard -mfpu=fpv4-sp-d16 -DPART_TM4C123GH6PM -I"C:/Users/jinsk/OneDrive/문서/GitHub/Embedded-Programming/FinalAssignment" -I"C:/ti/ccsv8/tools/compiler/gcc-arm-none-eabi-7-2017-q4-major-win32/arm-none-eabi/include" -I"C:/Libraries/tm4c" -I"C:/Libraries/frt10/inc" -I"C:/Libraries/frt10/port/TivaM4" -Og -ffunction-sections -fdata-sections -g -gdwarf-3 -gstrict-dwarf -Wall -specs="nosys.specs" -MMD -MP -MF"systick_frt.d" -MT"systick_frt.o"   -o"systick_frt.o" "C:/Libraries/frt10/port/TivaM4/systick_frt.c"
subdir_rules.mk:51: recipe for target 'systick_frt.o' failed
C:/Libraries/frt10/port/TivaM4/systick_frt.c:23:10: fatal error: emp_type.h: No such file or directory
 #include "emp_type.h"
          ^~~~~~~~~~~~
compilation terminated.
gmake: *** [systick_frt.o] Error 1
Building file: "C:/Libraries/frt10/port/TivaM4/port.c"
Invoking: GNU Compiler
"C:/ti/ccsv8/tools/compiler/gcc-arm-none-eabi-7-2017-q4-major-win32/bin/arm-none-eabi-gcc.exe" -c -mcpu=cortex-m4 -march=armv7e-m -mthumb -mfloat-abi=hard -mfpu=fpv4-sp-d16 -DPART_TM4C123GH6PM -I"C:/Users/jinsk/OneDrive/문서/GitHub/Embedded-Programming/FinalAssignment" -I"C:/ti/ccsv8/tools/compiler/gcc-arm-none-eabi-7-2017-q4-major-win32/arm-none-eabi/include" -I"C:/Libraries/tm4c" -I"C:/Libraries/frt10/inc" -I"C:/Libraries/frt10/port/TivaM4" -Og -ffunction-sections -fdata-sections -g -gdwarf-3 -gstrict-dwarf -Wall -specs="nosys.specs" -MMD -MP -MF"port.d" -MT"port.o"   -o"port.o" "C:/Libraries/frt10/port/TivaM4/port.c"
Finished building: "C:/Libraries/frt10/port/TivaM4/port.c"
 
Building file: "C:/Libraries/frt10/port/MemMang/heap_2.c"
Invoking: GNU Compiler
"C:/ti/ccsv8/tools/compiler/gcc-arm-none-eabi-7-2017-q4-major-win32/bin/arm-none-eabi-gcc.exe" -c -mcpu=cortex-m4 -march=armv7e-m -mthumb -mfloat-abi=hard -mfpu=fpv4-sp-d16 -DPART_TM4C123GH6PM -I"C:/Users/jinsk/OneDrive/문서/GitHub/Embedded-Programming/FinalAssignment" -I"C:/ti/ccsv8/tools/compiler/gcc-arm-none-eabi-7-2017-q4-major-win32/arm-none-eabi/include" -I"C:/Libraries/tm4c" -I"C:/Libraries/frt10/inc" -I"C:/Libraries/frt10/port/TivaM4" -Og -ffunction-sections -fdata-sections -g -gdwarf-3 -gstrict-dwarf -Wall -specs="nosys.specs" -MMD -MP -MF"heap_2.d" -MT"heap_2.o"   -o"heap_2.o" "C:/Libraries/frt10/port/MemMang/heap_2.c"
Finished building: "C:/Libraries/frt10/port/MemMang/heap_2.c"
 
Building file: "C:/Libraries/frt10/src/list.c"
Invoking: GNU Compiler
"C:/ti/ccsv8/tools/compiler/gcc-arm-none-eabi-7-2017-q4-major-win32/bin/arm-none-eabi-gcc.exe" -c -mcpu=cortex-m4 -march=armv7e-m -mthumb -mfloat-abi=hard -mfpu=fpv4-sp-d16 -DPART_TM4C123GH6PM -I"C:/Users/jinsk/OneDrive/문서/GitHub/Embedded-Programming/FinalAssignment" -I"C:/ti/ccsv8/tools/compiler/gcc-arm-none-eabi-7-2017-q4-major-win32/arm-none-eabi/include" -I"C:/Libraries/tm4c" -I"C:/Libraries/frt10/inc" -I"C:/Libraries/frt10/port/TivaM4" -Og -ffunction-sections -fdata-sections -g -gdwarf-3 -gstrict-dwarf -Wall -specs="nosys.specs" -MMD -MP -MF"list.d" -MT"list.o"   -o"list.o" "C:/Libraries/frt10/src/list.c"
Finished building: "C:/Libraries/frt10/src/list.c"
 
Building file: "C:/Libraries/frt10/src/queue.c"
Invoking: GNU Compiler
"C:/ti/ccsv8/tools/compiler/gcc-arm-none-eabi-7-2017-q4-major-win32/bin/arm-none-eabi-gcc.exe" -c -mcpu=cortex-m4 -march=armv7e-m -mthumb -mfloat-abi=hard -mfpu=fpv4-sp-d16 -DPART_TM4C123GH6PM -I"C:/Users/jinsk/OneDrive/문서/GitHub/Embedded-Programming/FinalAssignment" -I"C:/ti/ccsv8/tools/compiler/gcc-arm-none-eabi-7-2017-q4-major-win32/arm-none-eabi/include" -I"C:/Libraries/tm4c" -I"C:/Libraries/frt10/inc" -I"C:/Libraries/frt10/port/TivaM4" -Og -ffunction-sections -fdata-sections -g -gdwarf-3 -gstrict-dwarf -Wall -specs="nosys.specs" -MMD -MP -MF"queue.d" -MT"queue.o"   -o"queue.o" "C:/Libraries/frt10/src/queue.c"
Finished building: "C:/Libraries/frt10/src/queue.c"
 
Building file: "C:/Libraries/frt10/port/TivaM4/startup_frt.c"
Invoking: GNU Compiler
"C:/ti/ccsv8/tools/compiler/gcc-arm-none-eabi-7-2017-q4-major-win32/bin/arm-none-eabi-gcc.exe" -c -mcpu=cortex-m4 -march=armv7e-m -mthumb -mfloat-abi=hard -mfpu=fpv4-sp-d16 -DPART_TM4C123GH6PM -I"C:/Users/jinsk/OneDrive/문서/GitHub/Embedded-Programming/FinalAssignment" -I"C:/ti/ccsv8/tools/compiler/gcc-arm-none-eabi-7-2017-q4-major-win32/arm-none-eabi/include" -I"C:/Libraries/tm4c" -I"C:/Libraries/frt10/inc" -I"C:/Libraries/frt10/port/TivaM4" -Og -ffunction-sections -fdata-sections -g -gdwarf-3 -gstrict-dwarf -Wall -specs="nosys.specs" -MMD -MP -MF"startup_frt.d" -MT"startup_frt.o"   -o"startup_frt.o" "C:/Libraries/frt10/port/TivaM4/startup_frt.c"
Finished building: "C:/Libraries/frt10/port/TivaM4/startup_frt.c"
 
Building file: "C:/Libraries/frt10/src/tasks.c"
Invoking: GNU Compiler
"C:/ti/ccsv8/tools/compiler/gcc-arm-none-eabi-7-2017-q4-major-win32/bin/arm-none-eabi-gcc.exe" -c -mcpu=cortex-m4 -march=armv7e-m -mthumb -mfloat-abi=hard -mfpu=fpv4-sp-d16 -DPART_TM4C123GH6PM -I"C:/Users/jinsk/OneDrive/문서/GitHub/Embedded-Programming/FinalAssignment" -I"C:/ti/ccsv8/tools/compiler/gcc-arm-none-eabi-7-2017-q4-major-win32/arm-none-eabi/include" -I"C:/Libraries/tm4c" -I"C:/Libraries/frt10/inc" -I"C:/Libraries/frt10/port/TivaM4" -Og -ffunction-sections -fdata-sections -g -gdwarf-3 -gstrict-dwarf -Wall -specs="nosys.specs" -MMD -MP -MF"tasks.d" -MT"tasks.o"   -o"tasks.o" "C:/Libraries/frt10/src/tasks.c"
Finished building: "C:/Libraries/frt10/src/tasks.c"
 
gmake: Target 'all' not remade because of errors.

**** Build Finished ****

**** Build of configuration Debug for project FinalAssignment ****

"C:\\ti\\ccsv8\\utils\\bin\\gmake" -k -j 12 all -O 
 
Building file: "../file.c"
Invoking: GNU Compiler
"C:/ti/ccsv8/tools/compiler/gcc-arm-none-eabi-7-2017-q4-major-win32/bin/arm-none-eabi-gcc.exe" -c -mcpu=cortex-m4 -march=armv7e-m -mthumb -mfloat-abi=hard -mfpu=fpv4-sp-d16 -DPART_TM4C123GH6PM -I"C:/Users/jinsk/OneDrive/문서/GitHub/Embedded-Programming/FinalAssignment" -I"C:/ti/ccsv8/tools/compiler/gcc-arm-none-eabi-7-2017-q4-major-win32/arm-none-eabi/include" -I"C:/Libraries/tm4c" -I"C:/Libraries/frt10/inc" -I"C:/Libraries/frt10/port/TivaM4" -Og -ffunction-sections -fdata-sections -g -gdwarf-3 -gstrict-dwarf -Wall -specs="nosys.specs" -MMD -MP -MF"file.d" -MT"file.o"   -o"file.o" "../file.c"
subdir_rules.mk:9: recipe for target 'file.o' failed
../file.c:24:10: fatal error: glob_def.h: No such file or directory
 #include "glob_def.h"
          ^~~~~~~~~~~~
compilation terminated.
gmake: *** [file.o] Error 1
Building file: "../lcd.c"
Invoking: GNU Compiler
"C:/ti/ccsv8/tools/compiler/gcc-arm-none-eabi-7-2017-q4-major-win32/bin/arm-none-eabi-gcc.exe" -c -mcpu=cortex-m4 -march=armv7e-m -mthumb -mfloat-abi=hard -mfpu=fpv4-sp-d16 -DPART_TM4C123GH6PM -I"C:/Users/jinsk/OneDrive/문서/GitHub/Embedded-Programming/FinalAssignment" -I"C:/ti/ccsv8/tools/compiler/gcc-arm-none-eabi-7-2017-q4-major-win32/arm-none-eabi/include" -I"C:/Libraries/tm4c" -I"C:/Libraries/frt10/inc" -I"C:/Libraries/frt10/port/TivaM4" -Og -ffunction-sections -fdata-sections -g -gdwarf-3 -gstrict-dwarf -Wall -specs="nosys.specs" -MMD -MP -MF"lcd.d" -MT"lcd.o"   -o"lcd.o" "../lcd.c"
subdir_rules.mk:9: recipe for target 'lcd.o' failed
../lcd.c:25:10: fatal error: glob_def.h: No such file or directory
 #include "glob_def.h"
          ^~~~~~~~~~~~
compilation terminated.
gmake: *** [lcd.o] Error 1
Building file: "../status_led.c"
Invoking: GNU Compiler
"C:/ti/ccsv8/tools/compiler/gcc-arm-none-eabi-7-2017-q4-major-win32/bin/arm-none-eabi-gcc.exe" -c -mcpu=cortex-m4 -march=armv7e-m -mthumb -mfloat-abi=hard -mfpu=fpv4-sp-d16 -DPART_TM4C123GH6PM -I"C:/Users/jinsk/OneDrive/문서/GitHub/Embedded-Programming/FinalAssignment" -I"C:/ti/ccsv8/tools/compiler/gcc-arm-none-eabi-7-2017-q4-major-win32/arm-none-eabi/include" -I"C:/Libraries/tm4c" -I"C:/Libraries/frt10/inc" -I"C:/Libraries/frt10/port/TivaM4" -Og -ffunction-sections -fdata-sections -g -gdwarf-3 -gstrict-dwarf -Wall -specs="nosys.specs" -MMD -MP -MF"status_led.d" -MT"status_led.o"   -o"status_led.o" "../status_led.c"
subdir_rules.mk:9: recipe for target 'status_led.o' failed
../status_led.c:28:10: fatal error: glob_def.h: No such file or directory
 #include "glob_def.h"
          ^~~~~~~~~~~~
compilation terminated.
gmake: *** [status_led.o] Error 1
Building file: "../string.c"
Invoking: GNU Compiler
"C:/ti/ccsv8/tools/compiler/gcc-arm-none-eabi-7-2017-q4-major-win32/bin/arm-none-eabi-gcc.exe" -c -mcpu=cortex-m4 -march=armv7e-m -mthumb -mfloat-abi=hard -mfpu=fpv4-sp-d16 -DPART_TM4C123GH6PM -I"C:/Users/jinsk/OneDrive/문서/GitHub/Embedded-Programming/FinalAssignment" -I"C:/ti/ccsv8/tools/compiler/gcc-arm-none-eabi-7-2017-q4-major-win32/arm-none-eabi/include" -I"C:/Libraries/tm4c" -I"C:/Libraries/frt10/inc" -I"C:/Libraries/frt10/port/TivaM4" -Og -ffunction-sections -fdata-sections -g -gdwarf-3 -gstrict-dwarf -Wall -specs="nosys.specs" -MMD -MP -MF"string.d" -MT"string.o"   -o"string.o" "../string.c"
subdir_rules.mk:9: recipe for target 'string.o' failed
../string.c:10:10: fatal error: glob_def.h: No such file or directory
 #include "glob_def.h"
          ^~~~~~~~~~~~
compilation terminated.
gmake: *** [string.o] Error 1
Building file: "../adc.c"
Invoking: GNU Compiler
"C:/ti/ccsv8/tools/compiler/gcc-arm-none-eabi-7-2017-q4-major-win32/bin/arm-none-eabi-gcc.exe" -c -mcpu=cortex-m4 -march=armv7e-m -mthumb -mfloat-abi=hard -mfpu=fpv4-sp-d16 -DPART_TM4C123GH6PM -I"C:/Users/jinsk/OneDrive/문서/GitHub/Embedded-Programming/FinalAssignment" -I"C:/ti/ccsv8/tools/compiler/gcc-arm-none-eabi-7-2017-q4-major-win32/arm-none-eabi/include" -I"C:/Libraries/tm4c" -I"C:/Libraries/frt10/inc" -I"C:/Libraries/frt10/port/TivaM4" -Og -ffunction-sections -fdata-sections -g -gdwarf-3 -gstrict-dwarf -Wall -specs="nosys.specs" -MMD -MP -MF"adc.d" -MT"adc.o"   -o"adc.o" "../adc.c"
In file included from ../adc.c:29:0:
../adc.c: In function 'scale_task':
../file.h:16:15: warning: passing argument 1 of 'gfprintf' makes pointer from integer without a cast [-Wint-conversion]
 #define COM2  1      // LCD
               ^
../adc.c:195:19: note: in expansion of macro 'COM2'
         gfprintf( COM2, "%c%cAI: %06u", 0x1B, 0x84, adc_adjusted_value);
                   ^~~~
In file included from ../adc.c:30:0:
../string.h:10:12: note: expected 'FILE {aka unsigned char *}' but argument is of type 'int'
 const void gfprintf( FILE, const char*, ...);
            ^~~~~~~~
Finished building: "../adc.c"
 
Building file: "../gpio.c"
Invoking: GNU Compiler
"C:/ti/ccsv8/tools/compiler/gcc-arm-none-eabi-7-2017-q4-major-win32/bin/arm-none-eabi-gcc.exe" -c -mcpu=cortex-m4 -march=armv7e-m -mthumb -mfloat-abi=hard -mfpu=fpv4-sp-d16 -DPART_TM4C123GH6PM -I"C:/Users/jinsk/OneDrive/문서/GitHub/Embedded-Programming/FinalAssignment" -I"C:/ti/ccsv8/tools/compiler/gcc-arm-none-eabi-7-2017-q4-major-win32/arm-none-eabi/include" -I"C:/Libraries/tm4c" -I"C:/Libraries/frt10/inc" -I"C:/Libraries/frt10/port/TivaM4" -Og -ffunction-sections -fdata-sections -g -gdwarf-3 -gstrict-dwarf -Wall -specs="nosys.specs" -MMD -MP -MF"gpio.d" -MT"gpio.o"   -o"gpio.o" "../gpio.c"
../gpio.c: In function 'init_gpio':
../gpio.c:40:7: warning: variable 'dummy' set but not used [-Wunused-but-set-variable]
   int dummy;
       ^~~~~
Finished building: "../gpio.c"
 
Building file: "C:/Libraries/frt10/port/TivaM4/systick_frt.c"
Invoking: GNU Compiler
"C:/ti/ccsv8/tools/compiler/gcc-arm-none-eabi-7-2017-q4-major-win32/bin/arm-none-eabi-gcc.exe" -c -mcpu=cortex-m4 -march=armv7e-m -mthumb -mfloat-abi=hard -mfpu=fpv4-sp-d16 -DPART_TM4C123GH6PM -I"C:/Users/jinsk/OneDrive/문서/GitHub/Embedded-Programming/FinalAssignment" -I"C:/ti/ccsv8/tools/compiler/gcc-arm-none-eabi-7-2017-q4-major-win32/arm-none-eabi/include" -I"C:/Libraries/tm4c" -I"C:/Libraries/frt10/inc" -I"C:/Libraries/frt10/port/TivaM4" -Og -ffunction-sections -fdata-sections -g -gdwarf-3 -gstrict-dwarf -Wall -specs="nosys.specs" -MMD -MP -MF"systick_frt.d" -MT"systick_frt.o"   -o"systick_frt.o" "C:/Libraries/frt10/port/TivaM4/systick_frt.c"
subdir_rules.mk:51: recipe for target 'systick_frt.o' failed
C:/Libraries/frt10/port/TivaM4/systick_frt.c:23:10: fatal error: emp_type.h: No such file or directory
 #include "emp_type.h"
          ^~~~~~~~~~~~
compilation terminated.
gmake: *** [systick_frt.o] Error 1
Building file: "../key.c"
Invoking: GNU Compiler
"C:/ti/ccsv8/tools/compiler/gcc-arm-none-eabi-7-2017-q4-major-win32/bin/arm-none-eabi-gcc.exe" -c -mcpu=cortex-m4 -march=armv7e-m -mthumb -mfloat-abi=hard -mfpu=fpv4-sp-d16 -DPART_TM4C123GH6PM -I"C:/Users/jinsk/OneDrive/문서/GitHub/Embedded-Programming/FinalAssignment" -I"C:/ti/ccsv8/tools/compiler/gcc-arm-none-eabi-7-2017-q4-major-win32/arm-none-eabi/include" -I"C:/Libraries/tm4c" -I"C:/Libraries/frt10/inc" -I"C:/Libraries/frt10/port/TivaM4" -Og -ffunction-sections -fdata-sections -g -gdwarf-3 -gstrict-dwarf -Wall -specs="nosys.specs" -MMD -MP -MF"key.d" -MT"key.o"   -o"key.o" "../key.c"
In file included from ../key.c:33:0:
../key.c: In function 'ui_task':
../file.h:17:15: warning: passing argument 1 of 'get_file' makes pointer from integer without a cast [-Wint-conversion]
 #define COM3  2      // Keyboard
               ^
../key.c:178:25: note: in expansion of macro 'COM3'
           if( get_file( COM3, &ch ))
                         ^~~~
../file.h:20:9: note: expected 'FILE {aka unsigned char *}' but argument is of type 'int'
 BOOLEAN get_file( FILE, INT8U* );
         ^~~~~~~~
../file.h:16:15: warning: passing argument 1 of 'gfprintf' makes pointer from integer without a cast [-Wint-conversion]
 #define COM2  1      // LCD
               ^
../key.c:185:29: note: in expansion of macro 'COM2'
                   gfprintf( COM2, "%c%cS:%c", 0x1B, 0xC4, ch );
                             ^~~~
In file included from ../key.c:34:0:
../string.h:10:12: note: expected 'FILE {aka unsigned char *}' but argument is of type 'int'
 const void gfprintf( FILE, const char*, ...);
            ^~~~~~~~
In file included from ../key.c:33:0:
../file.h:16:15: warning: passing argument 1 of 'gfprintf' makes pointer from integer without a cast [-Wint-conversion]
 #define COM2  1      // LCD
               ^
../key.c:191:29: note: in expansion of macro 'COM2'
                   gfprintf( COM2, "%c%c%c O:", 0x1B, 0xC7, ch );
                             ^~~~
In file included from ../key.c:34:0:
../string.h:10:12: note: expected 'FILE {aka unsigned char *}' but argument is of type 'int'
 const void gfprintf( FILE, const char*, ...);
            ^~~~~~~~
In file included from ../key.c:33:0:
../file.h:16:15: warning: passing argument 1 of 'gfprintf' makes pointer from integer without a cast [-Wint-conversion]
 #define COM2  1      // LCD
               ^
../key.c:197:29: note: in expansion of macro 'COM2'
                   gfprintf( COM2, "%c%c%c", 0x1B, 0xCB, ch );
                             ^~~~
In file included from ../key.c:34:0:
../string.h:10:12: note: expected 'FILE {aka unsigned char *}' but argument is of type 'int'
 const void gfprintf( FILE, const char*, ...);
            ^~~~~~~~
In file included from ../key.c:33:0:
../file.h:16:15: warning: passing argument 1 of 'gfprintf' makes pointer from integer without a cast [-Wint-conversion]
 #define COM2  1      // LCD
               ^
../key.c:209:29: note: in expansion of macro 'COM2'
                   gfprintf( COM2, "%c%c         ", 0x1B, 0xC3 );
                             ^~~~
In file included from ../key.c:34:0:
../string.h:10:12: note: expected 'FILE {aka unsigned char *}' but argument is of type 'int'
 const void gfprintf( FILE, const char*, ...);
            ^~~~~~~~
Finished building: "../key.c"
 
Building file: "../main.c"
Invoking: GNU Compiler
"C:/ti/ccsv8/tools/compiler/gcc-arm-none-eabi-7-2017-q4-major-win32/bin/arm-none-eabi-gcc.exe" -c -mcpu=cortex-m4 -march=armv7e-m -mthumb -mfloat-abi=hard -mfpu=fpv4-sp-d16 -DPART_TM4C123GH6PM -I"C:/Users/jinsk/OneDrive/문서/GitHub/Embedded-Programming/FinalAssignment" -I"C:/ti/ccsv8/tools/compiler/gcc-arm-none-eabi-7-2017-q4-major-win32/arm-none-eabi/include" -I"C:/Libraries/tm4c" -I"C:/Libraries/frt10/inc" -I"C:/Libraries/frt10/port/TivaM4" -Og -ffunction-sections -fdata-sections -g -gdwarf-3 -gstrict-dwarf -Wall -specs="nosys.specs" -MMD -MP -MF"main.d" -MT"main.o"   -o"main.o" "../main.c"
Finished building: "../main.c"
 
gmake: Target 'all' not remade because of errors.

**** Build Finished ****

**** Build of configuration Debug for project FinalAssignment ****

"C:\\ti\\ccsv8\\utils\\bin\\gmake" -k -j 12 all -O 
 
Building file: "C:/Libraries/frt10/port/TivaM4/systick_frt.c"
Invoking: GNU Compiler
"C:/ti/ccsv8/tools/compiler/gcc-arm-none-eabi-7-2017-q4-major-win32/bin/arm-none-eabi-gcc.exe" -c -mcpu=cortex-m4 -march=armv7e-m -mthumb -mfloat-abi=hard -mfpu=fpv4-sp-d16 -DPART_TM4C123GH6PM -I"C:/Users/jinsk/OneDrive/문서/GitHub/Embedded-Programming/FinalAssignment" -I"C:/ti/ccsv8/tools/compiler/gcc-arm-none-eabi-7-2017-q4-major-win32/arm-none-eabi/include" -I"C:/Libraries/tm4c" -I"C:/Libraries/frt10/inc" -I"C:/Libraries/frt10/port/TivaM4" -Og -ffunction-sections -fdata-sections -g -gdwarf-3 -gstrict-dwarf -Wall -specs="nosys.specs" -MMD -MP -MF"systick_frt.d" -MT"systick_frt.o"   -o"systick_frt.o" "C:/Libraries/frt10/port/TivaM4/systick_frt.c"
subdir_rules.mk:51: recipe for target 'systick_frt.o' failed
C:/Libraries/frt10/port/TivaM4/systick_frt.c:23:10: fatal error: emp_type.h: No such file or directory
 #include "emp_type.h"
          ^~~~~~~~~~~~
compilation terminated.
gmake: *** [systick_frt.o] Error 1
Building file: "../file.c"
Invoking: GNU Compiler
"C:/ti/ccsv8/tools/compiler/gcc-arm-none-eabi-7-2017-q4-major-win32/bin/arm-none-eabi-gcc.exe" -c -mcpu=cortex-m4 -march=armv7e-m -mthumb -mfloat-abi=hard -mfpu=fpv4-sp-d16 -DPART_TM4C123GH6PM -I"C:/Users/jinsk/OneDrive/문서/GitHub/Embedded-Programming/FinalAssignment" -I"C:/ti/ccsv8/tools/compiler/gcc-arm-none-eabi-7-2017-q4-major-win32/arm-none-eabi/include" -I"C:/Libraries/tm4c" -I"C:/Libraries/frt10/inc" -I"C:/Libraries/frt10/port/TivaM4" -Og -ffunction-sections -fdata-sections -g -gdwarf-3 -gstrict-dwarf -Wall -specs="nosys.specs" -MMD -MP -MF"file.d" -MT"file.o"   -o"file.o" "../file.c"
../file.c: In function 'put_file':
../file.c:53:1: warning: control reaches end of non-void function [-Wreturn-type]
 }
 ^
Finished building: "../file.c"
 
Building file: "../status_led.c"
Invoking: GNU Compiler
"C:/ti/ccsv8/tools/compiler/gcc-arm-none-eabi-7-2017-q4-major-win32/bin/arm-none-eabi-gcc.exe" -c -mcpu=cortex-m4 -march=armv7e-m -mthumb -mfloat-abi=hard -mfpu=fpv4-sp-d16 -DPART_TM4C123GH6PM -I"C:/Users/jinsk/OneDrive/문서/GitHub/Embedded-Programming/FinalAssignment" -I"C:/ti/ccsv8/tools/compiler/gcc-arm-none-eabi-7-2017-q4-major-win32/arm-none-eabi/include" -I"C:/Libraries/tm4c" -I"C:/Libraries/frt10/inc" -I"C:/Libraries/frt10/port/TivaM4" -Og -ffunction-sections -fdata-sections -g -gdwarf-3 -gstrict-dwarf -Wall -specs="nosys.specs" -MMD -MP -MF"status_led.d" -MT"status_led.o"   -o"status_led.o" "../status_led.c"
../status_led.c: In function 'status_led_init':
../status_led.c:49:9: warning: variable 'dummy' set but not used [-Wunused-but-set-variable]
   INT8S dummy;
         ^~~~~
Finished building: "../status_led.c"
 
Building file: "../lcd.c"
Invoking: GNU Compiler
"C:/ti/ccsv8/tools/compiler/gcc-arm-none-eabi-7-2017-q4-major-win32/bin/arm-none-eabi-gcc.exe" -c -mcpu=cortex-m4 -march=armv7e-m -mthumb -mfloat-abi=hard -mfpu=fpv4-sp-d16 -DPART_TM4C123GH6PM -I"C:/Users/jinsk/OneDrive/문서/GitHub/Embedded-Programming/FinalAssignment" -I"C:/ti/ccsv8/tools/compiler/gcc-arm-none-eabi-7-2017-q4-major-win32/arm-none-eabi/include" -I"C:/Libraries/tm4c" -I"C:/Libraries/frt10/inc" -I"C:/Libraries/frt10/port/TivaM4" -Og -ffunction-sections -fdata-sections -g -gdwarf-3 -gstrict-dwarf -Wall -specs="nosys.specs" -MMD -MP -MF"lcd.d" -MT"lcd.o"   -o"lcd.o" "../lcd.c"
../lcd.c: In function 'lcd_task':
../lcd.c:273:22: warning: unused variable 'mutex_scale_lcd' [-Wunused-variable]
   SemaphoreHandle_t* mutex_scale_lcd = (SemaphoreHandle_t*) pvParameters;
                      ^~~~~~~~~~~~~~~
Finished building: "../lcd.c"
 
Building file: "../string.c"
Invoking: GNU Compiler
"C:/ti/ccsv8/tools/compiler/gcc-arm-none-eabi-7-2017-q4-major-win32/bin/arm-none-eabi-gcc.exe" -c -mcpu=cortex-m4 -march=armv7e-m -mthumb -mfloat-abi=hard -mfpu=fpv4-sp-d16 -DPART_TM4C123GH6PM -I"C:/Users/jinsk/OneDrive/문서/GitHub/Embedded-Programming/FinalAssignment" -I"C:/ti/ccsv8/tools/compiler/gcc-arm-none-eabi-7-2017-q4-major-win32/arm-none-eabi/include" -I"C:/Libraries/tm4c" -I"C:/Libraries/frt10/inc" -I"C:/Libraries/frt10/port/TivaM4" -Og -ffunction-sections -fdata-sections -g -gdwarf-3 -gstrict-dwarf -Wall -specs="nosys.specs" -MMD -MP -MF"string.d" -MT"string.o"   -o"string.o" "../string.c"
../string.c: In function 'putc1':
../string.c:20:11: warning: comparison between pointer and integer
   if( *fp < 0x20000000 )           // It is a file
           ^
../string.c: In function 'gprint':
../string.c:146:9: warning: unused variable 'pParam' [-Wunused-variable]
   void *pParam;
         ^~~~~~
Finished building: "../string.c"
 
gmake: Target 'all' not remade because of errors.

**** Build Finished ****

**** Build of configuration Debug for project FinalAssignment ****

"C:\\ti\\ccsv8\\utils\\bin\\gmake" -k -j 12 all -O 
 
Building file: "../file.c"
Invoking: GNU Compiler
"C:/ti/ccsv8/tools/compiler/gcc-arm-none-eabi-7-2017-q4-major-win32/bin/arm-none-eabi-gcc.exe" -c -mcpu=cortex-m4 -march=armv7e-m -mthumb -mfloat-abi=hard -mfpu=fpv4-sp-d16 -DPART_TM4C123GH6PM -I"C:/Users/jinsk/OneDrive/문서/GitHub/Embedded-Programming/FinalAssignment" -I"C:/ti/ccsv8/tools/compiler/gcc-arm-none-eabi-7-2017-q4-major-win32/arm-none-eabi/include" -I"C:/Libraries/tm4c" -I"C:/Libraries/frt10/inc" -I"C:/Libraries/frt10/port/TivaM4" -I"C:/Libraries/emp" -Og -ffunction-sections -fdata-sections -g -gdwarf-3 -gstrict-dwarf -Wall -specs="nosys.specs" -MMD -MP -MF"file.d" -MT"file.o"   -o"file.o" "../file.c"
../file.c: In function 'put_file':
../file.c:53:1: warning: control reaches end of non-void function [-Wreturn-type]
 }
 ^
Finished building: "../file.c"
 
Building file: "../gpio.c"
Invoking: GNU Compiler
"C:/ti/ccsv8/tools/compiler/gcc-arm-none-eabi-7-2017-q4-major-win32/bin/arm-none-eabi-gcc.exe" -c -mcpu=cortex-m4 -march=armv7e-m -mthumb -mfloat-abi=hard -mfpu=fpv4-sp-d16 -DPART_TM4C123GH6PM -I"C:/Users/jinsk/OneDrive/문서/GitHub/Embedded-Programming/FinalAssignment" -I"C:/ti/ccsv8/tools/compiler/gcc-arm-none-eabi-7-2017-q4-major-win32/arm-none-eabi/include" -I"C:/Libraries/tm4c" -I"C:/Libraries/frt10/inc" -I"C:/Libraries/frt10/port/TivaM4" -I"C:/Libraries/emp" -Og -ffunction-sections -fdata-sections -g -gdwarf-3 -gstrict-dwarf -Wall -specs="nosys.specs" -MMD -MP -MF"gpio.d" -MT"gpio.o"   -o"gpio.o" "../gpio.c"
../gpio.c: In function 'init_gpio':
../gpio.c:40:7: warning: variable 'dummy' set but not used [-Wunused-but-set-variable]
   int dummy;
       ^~~~~
Finished building: "../gpio.c"
 
Building file: "../adc.c"
Invoking: GNU Compiler
"C:/ti/ccsv8/tools/compiler/gcc-arm-none-eabi-7-2017-q4-major-win32/bin/arm-none-eabi-gcc.exe" -c -mcpu=cortex-m4 -march=armv7e-m -mthumb -mfloat-abi=hard -mfpu=fpv4-sp-d16 -DPART_TM4C123GH6PM -I"C:/Users/jinsk/OneDrive/문서/GitHub/Embedded-Programming/FinalAssignment" -I"C:/ti/ccsv8/tools/compiler/gcc-arm-none-eabi-7-2017-q4-major-win32/arm-none-eabi/include" -I"C:/Libraries/tm4c" -I"C:/Libraries/frt10/inc" -I"C:/Libraries/frt10/port/TivaM4" -I"C:/Libraries/emp" -Og -ffunction-sections -fdata-sections -g -gdwarf-3 -gstrict-dwarf -Wall -specs="nosys.specs" -MMD -MP -MF"adc.d" -MT"adc.o"   -o"adc.o" "../adc.c"
In file included from ../adc.c:29:0:
../adc.c: In function 'scale_task':
../file.h:16:15: warning: passing argument 1 of 'gfprintf' makes pointer from integer without a cast [-Wint-conversion]
 #define COM2  1      // LCD
               ^
../adc.c:195:19: note: in expansion of macro 'COM2'
         gfprintf( COM2, "%c%cAI: %06u", 0x1B, 0x84, adc_adjusted_value);
                   ^~~~
In file included from ../adc.c:30:0:
../string.h:10:12: note: expected 'FILE {aka unsigned char *}' but argument is of type 'int'
 const void gfprintf( FILE, const char*, ...);
            ^~~~~~~~
Finished building: "../adc.c"
 
Building file: "C:/Libraries/frt10/port/MemMang/heap_2.c"
Invoking: GNU Compiler
"C:/ti/ccsv8/tools/compiler/gcc-arm-none-eabi-7-2017-q4-major-win32/bin/arm-none-eabi-gcc.exe" -c -mcpu=cortex-m4 -march=armv7e-m -mthumb -mfloat-abi=hard -mfpu=fpv4-sp-d16 -DPART_TM4C123GH6PM -I"C:/Users/jinsk/OneDrive/문서/GitHub/Embedded-Programming/FinalAssignment" -I"C:/ti/ccsv8/tools/compiler/gcc-arm-none-eabi-7-2017-q4-major-win32/arm-none-eabi/include" -I"C:/Libraries/tm4c" -I"C:/Libraries/frt10/inc" -I"C:/Libraries/frt10/port/TivaM4" -I"C:/Libraries/emp" -Og -ffunction-sections -fdata-sections -g -gdwarf-3 -gstrict-dwarf -Wall -specs="nosys.specs" -MMD -MP -MF"heap_2.d" -MT"heap_2.o"   -o"heap_2.o" "C:/Libraries/frt10/port/MemMang/heap_2.c"
Finished building: "C:/Libraries/frt10/port/MemMang/heap_2.c"
 
Building file: "../key.c"
Invoking: GNU Compiler
"C:/ti/ccsv8/tools/compiler/gcc-arm-none-eabi-7-2017-q4-major-win32/bin/arm-none-eabi-gcc.exe" -c -mcpu=cortex-m4 -march=armv7e-m -mthumb -mfloat-abi=hard -mfpu=fpv4-sp-d16 -DPART_TM4C123GH6PM -I"C:/Users/jinsk/OneDrive/문서/GitHub/Embedded-Programming/FinalAssignment" -I"C:/ti/ccsv8/tools/compiler/gcc-arm-none-eabi-7-2017-q4-major-win32/arm-none-eabi/include" -I"C:/Libraries/tm4c" -I"C:/Libraries/frt10/inc" -I"C:/Libraries/frt10/port/TivaM4" -I"C:/Libraries/emp" -Og -ffunction-sections -fdata-sections -g -gdwarf-3 -gstrict-dwarf -Wall -specs="nosys.specs" -MMD -MP -MF"key.d" -MT"key.o"   -o"key.o" "../key.c"
In file included from ../key.c:33:0:
../key.c: In function 'ui_task':
../file.h:17:15: warning: passing argument 1 of 'get_file' makes pointer from integer without a cast [-Wint-conversion]
 #define COM3  2      // Keyboard
               ^
../key.c:178:25: note: in expansion of macro 'COM3'
           if( get_file( COM3, &ch ))
                         ^~~~
../file.h:20:9: note: expected 'FILE {aka unsigned char *}' but argument is of type 'int'
 BOOLEAN get_file( FILE, INT8U* );
         ^~~~~~~~
../file.h:16:15: warning: passing argument 1 of 'gfprintf' makes pointer from integer without a cast [-Wint-conversion]
 #define COM2  1      // LCD
               ^
../key.c:185:29: note: in expansion of macro 'COM2'
                   gfprintf( COM2, "%c%cS:%c", 0x1B, 0xC4, ch );
                             ^~~~
In file included from ../key.c:34:0:
../string.h:10:12: note: expected 'FILE {aka unsigned char *}' but argument is of type 'int'
 const void gfprintf( FILE, const char*, ...);
            ^~~~~~~~
In file included from ../key.c:33:0:
../file.h:16:15: warning: passing argument 1 of 'gfprintf' makes pointer from integer without a cast [-Wint-conversion]
 #define COM2  1      // LCD
               ^
../key.c:191:29: note: in expansion of macro 'COM2'
                   gfprintf( COM2, "%c%c%c O:", 0x1B, 0xC7, ch );
                             ^~~~
In file included from ../key.c:34:0:
../string.h:10:12: note: expected 'FILE {aka unsigned char *}' but argument is of type 'int'
 const void gfprintf( FILE, const char*, ...);
            ^~~~~~~~
In file included from ../key.c:33:0:
../file.h:16:15: warning: passing argument 1 of 'gfprintf' makes pointer from integer without a cast [-Wint-conversion]
 #define COM2  1      // LCD
               ^
../key.c:197:29: note: in expansion of macro 'COM2'
                   gfprintf( COM2, "%c%c%c", 0x1B, 0xCB, ch );
                             ^~~~
In file included from ../key.c:34:0:
../string.h:10:12: note: expected 'FILE {aka unsigned char *}' but argument is of type 'int'
 const void gfprintf( FILE, const char*, ...);
            ^~~~~~~~
In file included from ../key.c:33:0:
../file.h:16:15: warning: passing argument 1 of 'gfprintf' makes pointer from integer without a cast [-Wint-conversion]
 #define COM2  1      // LCD
               ^
../key.c:209:29: note: in expansion of macro 'COM2'
                   gfprintf( COM2, "%c%c         ", 0x1B, 0xC3 );
                             ^~~~
In file included from ../key.c:34:0:
../string.h:10:12: note: expected 'FILE {aka unsigned char *}' but argument is of type 'int'
 const void gfprintf( FILE, const char*, ...);
            ^~~~~~~~
Finished building: "../key.c"
 
Building file: "../lcd.c"
Invoking: GNU Compiler
"C:/ti/ccsv8/tools/compiler/gcc-arm-none-eabi-7-2017-q4-major-win32/bin/arm-none-eabi-gcc.exe" -c -mcpu=cortex-m4 -march=armv7e-m -mthumb -mfloat-abi=hard -mfpu=fpv4-sp-d16 -DPART_TM4C123GH6PM -I"C:/Users/jinsk/OneDrive/문서/GitHub/Embedded-Programming/FinalAssignment" -I"C:/ti/ccsv8/tools/compiler/gcc-arm-none-eabi-7-2017-q4-major-win32/arm-none-eabi/include" -I"C:/Libraries/tm4c" -I"C:/Libraries/frt10/inc" -I"C:/Libraries/frt10/port/TivaM4" -I"C:/Libraries/emp" -Og -ffunction-sections -fdata-sections -g -gdwarf-3 -gstrict-dwarf -Wall -specs="nosys.specs" -MMD -MP -MF"lcd.d" -MT"lcd.o"   -o"lcd.o" "../lcd.c"
../lcd.c: In function 'lcd_task':
../lcd.c:273:22: warning: unused variable 'mutex_scale_lcd' [-Wunused-variable]
   SemaphoreHandle_t* mutex_scale_lcd = (SemaphoreHandle_t*) pvParameters;
                      ^~~~~~~~~~~~~~~
Finished building: "../lcd.c"
 
Building file: "C:/Libraries/frt10/src/list.c"
Invoking: GNU Compiler
"C:/ti/ccsv8/tools/compiler/gcc-arm-none-eabi-7-2017-q4-major-win32/bin/arm-none-eabi-gcc.exe" -c -mcpu=cortex-m4 -march=armv7e-m -mthumb -mfloat-abi=hard -mfpu=fpv4-sp-d16 -DPART_TM4C123GH6PM -I"C:/Users/jinsk/OneDrive/문서/GitHub/Embedded-Programming/FinalAssignment" -I"C:/ti/ccsv8/tools/compiler/gcc-arm-none-eabi-7-2017-q4-major-win32/arm-none-eabi/include" -I"C:/Libraries/tm4c" -I"C:/Libraries/frt10/inc" -I"C:/Libraries/frt10/port/TivaM4" -I"C:/Libraries/emp" -Og -ffunction-sections -fdata-sections -g -gdwarf-3 -gstrict-dwarf -Wall -specs="nosys.specs" -MMD -MP -MF"list.d" -MT"list.o"   -o"list.o" "C:/Libraries/frt10/src/list.c"
Finished building: "C:/Libraries/frt10/src/list.c"
 
Building file: "../main.c"
Invoking: GNU Compiler
"C:/ti/ccsv8/tools/compiler/gcc-arm-none-eabi-7-2017-q4-major-win32/bin/arm-none-eabi-gcc.exe" -c -mcpu=cortex-m4 -march=armv7e-m -mthumb -mfloat-abi=hard -mfpu=fpv4-sp-d16 -DPART_TM4C123GH6PM -I"C:/Users/jinsk/OneDrive/문서/GitHub/Embedded-Programming/FinalAssignment" -I"C:/ti/ccsv8/tools/compiler/gcc-arm-none-eabi-7-2017-q4-major-win32/arm-none-eabi/include" -I"C:/Libraries/tm4c" -I"C:/Libraries/frt10/inc" -I"C:/Libraries/frt10/port/TivaM4" -I"C:/Libraries/emp" -Og -ffunction-sections -fdata-sections -g -gdwarf-3 -gstrict-dwarf -Wall -specs="nosys.specs" -MMD -MP -MF"main.d" -MT"main.o"   -o"main.o" "../main.c"
Finished building: "../main.c"
 
Building file: "C:/Libraries/frt10/port/TivaM4/port.c"
Invoking: GNU Compiler
"C:/ti/ccsv8/tools/compiler/gcc-arm-none-eabi-7-2017-q4-major-win32/bin/arm-none-eabi-gcc.exe" -c -mcpu=cortex-m4 -march=armv7e-m -mthumb -mfloat-abi=hard -mfpu=fpv4-sp-d16 -DPART_TM4C123GH6PM -I"C:/Users/jinsk/OneDrive/문서/GitHub/Embedded-Programming/FinalAssignment" -I"C:/ti/ccsv8/tools/compiler/gcc-arm-none-eabi-7-2017-q4-major-win32/arm-none-eabi/include" -I"C:/Libraries/tm4c" -I"C:/Libraries/frt10/inc" -I"C:/Libraries/frt10/port/TivaM4" -I"C:/Libraries/emp" -Og -ffunction-sections -fdata-sections -g -gdwarf-3 -gstrict-dwarf -Wall -specs="nosys.specs" -MMD -MP -MF"port.d" -MT"port.o"   -o"port.o" "C:/Libraries/frt10/port/TivaM4/port.c"
Finished building: "C:/Libraries/frt10/port/TivaM4/port.c"
 
Building file: "C:/Libraries/frt10/port/TivaM4/startup_frt.c"
Invoking: GNU Compiler
"C:/ti/ccsv8/tools/compiler/gcc-arm-none-eabi-7-2017-q4-major-win32/bin/arm-none-eabi-gcc.exe" -c -mcpu=cortex-m4 -march=armv7e-m -mthumb -mfloat-abi=hard -mfpu=fpv4-sp-d16 -DPART_TM4C123GH6PM -I"C:/Users/jinsk/OneDrive/문서/GitHub/Embedded-Programming/FinalAssignment" -I"C:/ti/ccsv8/tools/compiler/gcc-arm-none-eabi-7-2017-q4-major-win32/arm-none-eabi/include" -I"C:/Libraries/tm4c" -I"C:/Libraries/frt10/inc" -I"C:/Libraries/frt10/port/TivaM4" -I"C:/Libraries/emp" -Og -ffunction-sections -fdata-sections -g -gdwarf-3 -gstrict-dwarf -Wall -specs="nosys.specs" -MMD -MP -MF"startup_frt.d" -MT"startup_frt.o"   -o"startup_frt.o" "C:/Libraries/frt10/port/TivaM4/startup_frt.c"
Finished building: "C:/Libraries/frt10/port/TivaM4/startup_frt.c"
 
Building file: "C:/Libraries/frt10/src/queue.c"
Invoking: GNU Compiler
"C:/ti/ccsv8/tools/compiler/gcc-arm-none-eabi-7-2017-q4-major-win32/bin/arm-none-eabi-gcc.exe" -c -mcpu=cortex-m4 -march=armv7e-m -mthumb -mfloat-abi=hard -mfpu=fpv4-sp-d16 -DPART_TM4C123GH6PM -I"C:/Users/jinsk/OneDrive/문서/GitHub/Embedded-Programming/FinalAssignment" -I"C:/ti/ccsv8/tools/compiler/gcc-arm-none-eabi-7-2017-q4-major-win32/arm-none-eabi/include" -I"C:/Libraries/tm4c" -I"C:/Libraries/frt10/inc" -I"C:/Libraries/frt10/port/TivaM4" -I"C:/Libraries/emp" -Og -ffunction-sections -fdata-sections -g -gdwarf-3 -gstrict-dwarf -Wall -specs="nosys.specs" -MMD -MP -MF"queue.d" -MT"queue.o"   -o"queue.o" "C:/Libraries/frt10/src/queue.c"
Finished building: "C:/Libraries/frt10/src/queue.c"
 
Building file: "../status_led.c"
Invoking: GNU Compiler
"C:/ti/ccsv8/tools/compiler/gcc-arm-none-eabi-7-2017-q4-major-win32/bin/arm-none-eabi-gcc.exe" -c -mcpu=cortex-m4 -march=armv7e-m -mthumb -mfloat-abi=hard -mfpu=fpv4-sp-d16 -DPART_TM4C123GH6PM -I"C:/Users/jinsk/OneDrive/문서/GitHub/Embedded-Programming/FinalAssignment" -I"C:/ti/ccsv8/tools/compiler/gcc-arm-none-eabi-7-2017-q4-major-win32/arm-none-eabi/include" -I"C:/Libraries/tm4c" -I"C:/Libraries/frt10/inc" -I"C:/Libraries/frt10/port/TivaM4" -I"C:/Libraries/emp" -Og -ffunction-sections -fdata-sections -g -gdwarf-3 -gstrict-dwarf -Wall -specs="nosys.specs" -MMD -MP -MF"status_led.d" -MT"status_led.o"   -o"status_led.o" "../status_led.c"
../status_led.c: In function 'status_led_init':
../status_led.c:49:9: warning: variable 'dummy' set but not used [-Wunused-but-set-variable]
   INT8S dummy;
         ^~~~~
Finished building: "../status_led.c"
 
Building file: "C:/Libraries/frt10/port/TivaM4/systick_frt.c"
Invoking: GNU Compiler
"C:/ti/ccsv8/tools/compiler/gcc-arm-none-eabi-7-2017-q4-major-win32/bin/arm-none-eabi-gcc.exe" -c -mcpu=cortex-m4 -march=armv7e-m -mthumb -mfloat-abi=hard -mfpu=fpv4-sp-d16 -DPART_TM4C123GH6PM -I"C:/Users/jinsk/OneDrive/문서/GitHub/Embedded-Programming/FinalAssignment" -I"C:/ti/ccsv8/tools/compiler/gcc-arm-none-eabi-7-2017-q4-major-win32/arm-none-eabi/include" -I"C:/Libraries/tm4c" -I"C:/Libraries/frt10/inc" -I"C:/Libraries/frt10/port/TivaM4" -I"C:/Libraries/emp" -Og -ffunction-sections -fdata-sections -g -gdwarf-3 -gstrict-dwarf -Wall -specs="nosys.specs" -MMD -MP -MF"systick_frt.d" -MT"systick_frt.o"   -o"systick_frt.o" "C:/Libraries/frt10/port/TivaM4/systick_frt.c"
C:/Libraries/frt10/port/TivaM4/systick_frt.c: In function 'init_systick':
C:/Libraries/frt10/port/TivaM4/systick_frt.c:75:63: warning: result of '126 << 29' requires 37 bits to represent, but 'int' only has 32 bits [-Wshift-overflow=]
   NVIC_SYS_PRI3_R |= (NVIC_SYS_PRI3_TICK_M & (SYSTICK_PRIORITY<<NVIC_SYS_PRI3_TICK_S));
                                                               ^~
Finished building: "C:/Libraries/frt10/port/TivaM4/systick_frt.c"
 
Building file: "../string.c"
Invoking: GNU Compiler
"C:/ti/ccsv8/tools/compiler/gcc-arm-none-eabi-7-2017-q4-major-win32/bin/arm-none-eabi-gcc.exe" -c -mcpu=cortex-m4 -march=armv7e-m -mthumb -mfloat-abi=hard -mfpu=fpv4-sp-d16 -DPART_TM4C123GH6PM -I"C:/Users/jinsk/OneDrive/문서/GitHub/Embedded-Programming/FinalAssignment" -I"C:/ti/ccsv8/tools/compiler/gcc-arm-none-eabi-7-2017-q4-major-win32/arm-none-eabi/include" -I"C:/Libraries/tm4c" -I"C:/Libraries/frt10/inc" -I"C:/Libraries/frt10/port/TivaM4" -I"C:/Libraries/emp" -Og -ffunction-sections -fdata-sections -g -gdwarf-3 -gstrict-dwarf -Wall -specs="nosys.specs" -MMD -MP -MF"string.d" -MT"string.o"   -o"string.o" "../string.c"
../string.c: In function 'putc1':
../string.c:20:11: warning: comparison between pointer and integer
   if( *fp < 0x20000000 )           // It is a file
           ^
../string.c: In function 'gprint':
../string.c:146:9: warning: unused variable 'pParam' [-Wunused-variable]
   void *pParam;
         ^~~~~~
Finished building: "../string.c"
 
Building file: "C:/Libraries/frt10/src/tasks.c"
Invoking: GNU Compiler
"C:/ti/ccsv8/tools/compiler/gcc-arm-none-eabi-7-2017-q4-major-win32/bin/arm-none-eabi-gcc.exe" -c -mcpu=cortex-m4 -march=armv7e-m -mthumb -mfloat-abi=hard -mfpu=fpv4-sp-d16 -DPART_TM4C123GH6PM -I"C:/Users/jinsk/OneDrive/문서/GitHub/Embedded-Programming/FinalAssignment" -I"C:/ti/ccsv8/tools/compiler/gcc-arm-none-eabi-7-2017-q4-major-win32/arm-none-eabi/include" -I"C:/Libraries/tm4c" -I"C:/Libraries/frt10/inc" -I"C:/Libraries/frt10/port/TivaM4" -I"C:/Libraries/emp" -Og -ffunction-sections -fdata-sections -g -gdwarf-3 -gstrict-dwarf -Wall -specs="nosys.specs" -MMD -MP -MF"tasks.d" -MT"tasks.o"   -o"tasks.o" "C:/Libraries/frt10/src/tasks.c"
Finished building: "C:/Libraries/frt10/src/tasks.c"
 
Building target: "FinalAssignment.out"
Invoking: GNU Linker
"C:/ti/ccsv8/tools/compiler/gcc-arm-none-eabi-7-2017-q4-major-win32/bin/arm-none-eabi-gcc.exe" -DPART_TM4C123GH6PM -Og -ffunction-sections -fdata-sections -g -gdwarf-3 -gstrict-dwarf -Wall -specs="nosys.specs" -march=armv7e-m -mthumb -mfloat-abi=hard -mfpu=fpv4-sp-d16 -Wl,-Map,"FinalAssignment.map" -o"FinalAssignment.out" "./adc.o" "./file.o" "./gpio.o" "./heap_2.o" "./key.o" "./lcd.o" "./list.o" "./main.o" "./port.o" "./queue.o" "./startup_frt.o" "./status_led.o" "./string.o" "./systick_frt.o" "./tasks.o" -Wl,-T"../tm4c123gh6pm.lds"  
Finished building target: "FinalAssignment.out"
 

**** Build Finished ****

**** Build of configuration Debug for project FinalAssignment ****

"C:\\ti\\ccsv8\\utils\\bin\\gmake" -k -j 12 all -O 
 
gmake[1]: 'FinalAssignment.out' is up to date.

**** Build Finished ****

**** Build of configuration Debug for project FinalAssignment ****

"C:\\ti\\ccsv8\\utils\\bin\\gmake" -k -j 12 all -O 
 
gmake[1]: 'FinalAssignment.out' is up to date.

**** Build Finished ****
